{"C:\\Tecky\\WSP\\memoWall\\controllers\\MemoController.ts": {"path":"C:\\Tecky\\WSP\\memoWall\\controllers\\MemoController.ts","statementMap":{"0":{"start":{"line":4,"column":0},"end":{"line":4,"column":37}},"1":{"start":{"line":5,"column":0},"end":{"line":5,"column":42}},"2":{"start":{"line":15,"column":24},"end":{"line":15,"column":48}},"3":{"start":{"line":17,"column":4},"end":{"line":29,"column":null}},"4":{"start":{"line":17,"column":56},"end":{"line":29,"column":null}},"5":{"start":{"line":18,"column":8},"end":{"line":28,"column":9}},"6":{"start":{"line":19,"column":29},"end":{"line":19,"column":69}},"7":{"start":{"line":21,"column":12},"end":{"line":24,"column":15}},"8":{"start":{"line":26,"column":12},"end":{"line":26,"column":31}},"9":{"start":{"line":27,"column":12},"end":{"line":27,"column":61}},"10":{"start":{"line":33,"column":4},"end":{"line":50,"column":null}},"11":{"start":{"line":33,"column":53},"end":{"line":50,"column":null}},"12":{"start":{"line":37,"column":49},"end":{"line":37,"column":69}},"13":{"start":{"line":38,"column":8},"end":{"line":38,"column":null}},"14":{"start":{"line":40,"column":8},"end":{"line":49,"column":9}},"15":{"start":{"line":41,"column":12},"end":{"line":41,"column":null}},"16":{"start":{"line":43,"column":12},"end":{"line":45,"column":null}},"17":{"start":{"line":47,"column":12},"end":{"line":47,"column":31}},"18":{"start":{"line":48,"column":12},"end":{"line":48,"column":71}},"19":{"start":{"line":54,"column":4},"end":{"line":87,"column":null}},"20":{"start":{"line":54,"column":55},"end":{"line":87,"column":null}},"21":{"start":{"line":56,"column":8},"end":{"line":85,"column":9}},"22":{"start":{"line":57,"column":53},"end":{"line":57,"column":73}},"23":{"start":{"line":59,"column":12},"end":{"line":77,"column":13}},"24":{"start":{"line":61,"column":16},"end":{"line":76,"column":17}},"25":{"start":{"line":62,"column":42},"end":{"line":62,"column":96}},"26":{"start":{"line":64,"column":20},"end":{"line":69,"column":21}},"27":{"start":{"line":65,"column":24},"end":{"line":65,"column":null}},"28":{"start":{"line":66,"column":24},"end":{"line":66,"column":null}},"29":{"start":{"line":68,"column":24},"end":{"line":68,"column":null}},"30":{"start":{"line":71,"column":20},"end":{"line":71,"column":null}},"31":{"start":{"line":74,"column":20},"end":{"line":74,"column":39}},"32":{"start":{"line":75,"column":20},"end":{"line":75,"column":null}},"33":{"start":{"line":79,"column":12},"end":{"line":81,"column":null}},"34":{"start":{"line":83,"column":12},"end":{"line":83,"column":31}},"35":{"start":{"line":84,"column":12},"end":{"line":84,"column":null}},"36":{"start":{"line":91,"column":4},"end":{"line":103,"column":null}},"37":{"start":{"line":91,"column":53},"end":{"line":103,"column":null}},"38":{"start":{"line":92,"column":25},"end":{"line":92,"column":33}},"39":{"start":{"line":93,"column":8},"end":{"line":102,"column":9}},"40":{"start":{"line":94,"column":27},"end":{"line":94,"column":72}},"41":{"start":{"line":95,"column":12},"end":{"line":98,"column":null}},"42":{"start":{"line":100,"column":12},"end":{"line":100,"column":31}},"43":{"start":{"line":101,"column":12},"end":{"line":101,"column":null}},"44":{"start":{"line":107,"column":4},"end":{"line":138,"column":null}},"45":{"start":{"line":107,"column":53},"end":{"line":138,"column":null}},"46":{"start":{"line":108,"column":34},"end":{"line":108,"column":42}},"47":{"start":{"line":109,"column":21},"end":{"line":109,"column":39}},"48":{"start":{"line":111,"column":8},"end":{"line":137,"column":9}},"49":{"start":{"line":112,"column":12},"end":{"line":133,"column":13}},"50":{"start":{"line":113,"column":16},"end":{"line":113,"column":null}},"51":{"start":{"line":114,"column":31},"end":{"line":114,"column":76}},"52":{"start":{"line":116,"column":16},"end":{"line":120,"column":null}},"53":{"start":{"line":123,"column":19},"end":{"line":133,"column":13}},"54":{"start":{"line":124,"column":16},"end":{"line":124,"column":null}},"55":{"start":{"line":125,"column":31},"end":{"line":125,"column":76}},"56":{"start":{"line":127,"column":16},"end":{"line":131,"column":null}},"57":{"start":{"line":135,"column":12},"end":{"line":135,"column":31}},"58":{"start":{"line":136,"column":12},"end":{"line":136,"column":null}},"59":{"start":{"line":142,"column":4},"end":{"line":161,"column":null}},"60":{"start":{"line":142,"column":55},"end":{"line":161,"column":null}},"61":{"start":{"line":143,"column":21},"end":{"line":143,"column":32}},"62":{"start":{"line":145,"column":27},"end":{"line":145,"column":73}},"63":{"start":{"line":146,"column":27},"end":{"line":146,"column":44}},"64":{"start":{"line":148,"column":8},"end":{"line":160,"column":9}},"65":{"start":{"line":150,"column":12},"end":{"line":150,"column":54}},"66":{"start":{"line":152,"column":12},"end":{"line":154,"column":13}},"67":{"start":{"line":153,"column":16},"end":{"line":153,"column":null}},"68":{"start":{"line":156,"column":12},"end":{"line":156,"column":null}},"69":{"start":{"line":158,"column":12},"end":{"line":158,"column":31}},"70":{"start":{"line":159,"column":12},"end":{"line":159,"column":null}},"71":{"start":{"line":14,"column":0},"end":{"line":14,"column":13}}},"fnMap":{"0":{"name":"(anonymous_7)","decl":{"start":{"line":15,"column":4},"end":{"line":15,"column":24}},"loc":{"start":{"line":15,"column":48},"end":{"line":15,"column":53}}},"1":{"name":"(anonymous_8)","decl":{"start":{"line":17,"column":18},"end":{"line":17,"column":25}},"loc":{"start":{"line":17,"column":56},"end":{"line":29,"column":null}}},"2":{"name":"(anonymous_9)","decl":{"start":{"line":17,"column":56},"end":{"line":17,"column":null}},"loc":{"start":{"line":17,"column":56},"end":{"line":29,"column":5}}},"3":{"name":"(anonymous_10)","decl":{"start":{"line":33,"column":15},"end":{"line":33,"column":22}},"loc":{"start":{"line":33,"column":53},"end":{"line":50,"column":null}}},"4":{"name":"(anonymous_11)","decl":{"start":{"line":33,"column":53},"end":{"line":33,"column":null}},"loc":{"start":{"line":33,"column":53},"end":{"line":50,"column":5}}},"5":{"name":"(anonymous_12)","decl":{"start":{"line":54,"column":17},"end":{"line":54,"column":24}},"loc":{"start":{"line":54,"column":55},"end":{"line":87,"column":null}}},"6":{"name":"(anonymous_13)","decl":{"start":{"line":54,"column":55},"end":{"line":54,"column":null}},"loc":{"start":{"line":54,"column":55},"end":{"line":87,"column":5}}},"7":{"name":"(anonymous_14)","decl":{"start":{"line":91,"column":15},"end":{"line":91,"column":22}},"loc":{"start":{"line":91,"column":53},"end":{"line":103,"column":null}}},"8":{"name":"(anonymous_15)","decl":{"start":{"line":91,"column":53},"end":{"line":91,"column":null}},"loc":{"start":{"line":91,"column":53},"end":{"line":103,"column":5}}},"9":{"name":"(anonymous_16)","decl":{"start":{"line":107,"column":15},"end":{"line":107,"column":22}},"loc":{"start":{"line":107,"column":53},"end":{"line":138,"column":null}}},"10":{"name":"(anonymous_17)","decl":{"start":{"line":107,"column":53},"end":{"line":107,"column":null}},"loc":{"start":{"line":107,"column":53},"end":{"line":138,"column":5}}},"11":{"name":"(anonymous_18)","decl":{"start":{"line":142,"column":17},"end":{"line":142,"column":24}},"loc":{"start":{"line":142,"column":55},"end":{"line":161,"column":null}}},"12":{"name":"(anonymous_19)","decl":{"start":{"line":142,"column":55},"end":{"line":142,"column":null}},"loc":{"start":{"line":142,"column":55},"end":{"line":161,"column":5}}}},"branchMap":{"0":{"loc":{"start":{"line":59,"column":12},"end":{"line":77,"column":13}},"type":"if","locations":[{"start":{"line":59,"column":12},"end":{"line":77,"column":13}}]},"1":{"loc":{"start":{"line":64,"column":20},"end":{"line":69,"column":21}},"type":"if","locations":[{"start":{"line":64,"column":20},"end":{"line":69,"column":21}},{"start":{"line":67,"column":27},"end":{"line":69,"column":21}}]},"2":{"loc":{"start":{"line":112,"column":12},"end":{"line":133,"column":13}},"type":"if","locations":[{"start":{"line":112,"column":12},"end":{"line":133,"column":13}},{"start":{"line":123,"column":19},"end":{"line":133,"column":13}}]},"3":{"loc":{"start":{"line":123,"column":19},"end":{"line":133,"column":13}},"type":"if","locations":[{"start":{"line":123,"column":19},"end":{"line":133,"column":13}}]},"4":{"loc":{"start":{"line":152,"column":12},"end":{"line":154,"column":13}},"type":"if","locations":[{"start":{"line":152,"column":12},"end":{"line":154,"column":13}}]}},"s":{"0":1,"1":1,"2":4,"3":4,"4":2,"5":2,"6":2,"7":1,"8":1,"9":1,"10":4,"11":2,"12":2,"13":2,"14":2,"15":2,"16":1,"17":1,"18":1,"19":4,"20":0,"21":0,"22":0,"23":0,"24":0,"25":0,"26":0,"27":0,"28":0,"29":0,"30":0,"31":0,"32":0,"33":0,"34":0,"35":0,"36":4,"37":0,"38":0,"39":0,"40":0,"41":0,"42":0,"43":0,"44":4,"45":0,"46":0,"47":0,"48":0,"49":0,"50":0,"51":0,"52":0,"53":0,"54":0,"55":0,"56":0,"57":0,"58":0,"59":4,"60":0,"61":0,"62":0,"63":0,"64":0,"65":0,"66":0,"67":0,"68":0,"69":0,"70":0,"71":1},"f":{"0":4,"1":2,"2":2,"3":2,"4":2,"5":0,"6":0,"7":0,"8":0,"9":0,"10":0,"11":0,"12":0},"b":{"0":[0],"1":[0,0],"2":[0,0],"3":[0],"4":[0]}}
,"C:\\Tecky\\WSP\\memoWall\\services\\MemoService.ts": {"path":"C:\\Tecky\\WSP\\memoWall\\services\\MemoService.ts","statementMap":{"0":{"start":{"line":5,"column":24},"end":{"line":5,"column":38}},"1":{"start":{"line":9,"column":8},"end":{"line":17,"column":null}},"2":{"start":{"line":21,"column":8},"end":{"line":29,"column":null}},"3":{"start":{"line":34,"column":8},"end":{"line":38,"column":38}},"4":{"start":{"line":43,"column":8},"end":{"line":47,"column":59}},"5":{"start":{"line":51,"column":8},"end":{"line":53,"column":null}},"6":{"start":{"line":58,"column":8},"end":{"line":60,"column":45}},"7":{"start":{"line":64,"column":8},"end":{"line":66,"column":67}},"8":{"start":{"line":71,"column":8},"end":{"line":73,"column":35}},"9":{"start":{"line":4,"column":0},"end":{"line":4,"column":13}}},"fnMap":{"0":{"name":"(anonymous_7)","decl":{"start":{"line":5,"column":4},"end":{"line":5,"column":24}},"loc":{"start":{"line":5,"column":38},"end":{"line":5,"column":43}}},"1":{"name":"(anonymous_8)","decl":{"start":{"line":8,"column":10},"end":{"line":8,"column":25}},"loc":{"start":{"line":8,"column":25},"end":{"line":18,"column":null}}},"2":{"name":"(anonymous_10)","decl":{"start":{"line":20,"column":10},"end":{"line":20,"column":24}},"loc":{"start":{"line":20,"column":39},"end":{"line":30,"column":null}}},"3":{"name":"(anonymous_12)","decl":{"start":{"line":33,"column":10},"end":{"line":33,"column":18}},"loc":{"start":{"line":33,"column":87},"end":{"line":39,"column":null}}},"4":{"name":"(anonymous_14)","decl":{"start":{"line":42,"column":10},"end":{"line":42,"column":20}},"loc":{"start":{"line":42,"column":112},"end":{"line":48,"column":null}}},"5":{"name":"(anonymous_16)","decl":{"start":{"line":50,"column":10},"end":{"line":50,"column":25}},"loc":{"start":{"line":50,"column":40},"end":{"line":54,"column":null}}},"6":{"name":"(anonymous_18)","decl":{"start":{"line":57,"column":10},"end":{"line":57,"column":24}},"loc":{"start":{"line":57,"column":67},"end":{"line":61,"column":null}}},"7":{"name":"(anonymous_20)","decl":{"start":{"line":63,"column":10},"end":{"line":63,"column":24}},"loc":{"start":{"line":63,"column":67},"end":{"line":67,"column":null}}},"8":{"name":"(anonymous_22)","decl":{"start":{"line":70,"column":10},"end":{"line":70,"column":20}},"loc":{"start":{"line":70,"column":35},"end":{"line":74,"column":null}}}},"branchMap":{},"s":{"0":4,"1":0,"2":0,"3":0,"4":0,"5":0,"6":0,"7":0,"8":0,"9":1},"f":{"0":4,"1":0,"2":0,"3":0,"4":0,"5":0,"6":0,"7":0,"8":0},"b":{}}
,"C:\\Tecky\\WSP\\memoWall\\utils\\util.ts": {"path":"C:\\Tecky\\WSP\\memoWall\\utils\\util.ts","statementMap":{"0":{"start":{"line":2,"column":0},"end":{"line":2,"column":55}},"1":{"start":{"line":3,"column":0},"end":{"line":3,"column":37}},"2":{"start":{"line":6,"column":11},"end":{"line":11,"column":2}},"3":{"start":{"line":14,"column":2},"end":{"line":46,"column":null}},"4":{"start":{"line":15,"column":4},"end":{"line":45,"column":null}},"5":{"start":{"line":15,"column":49},"end":{"line":45,"column":6}},"6":{"start":{"line":16,"column":6},"end":{"line":44,"column":7}},"7":{"start":{"line":17,"column":8},"end":{"line":17,"column":null}},"8":{"start":{"line":24,"column":8},"end":{"line":28,"column":9}},"9":{"start":{"line":25,"column":10},"end":{"line":25,"column":39}},"10":{"start":{"line":27,"column":10},"end":{"line":27,"column":null}},"11":{"start":{"line":30,"column":8},"end":{"line":35,"column":9}},"12":{"start":{"line":31,"column":10},"end":{"line":31,"column":null}},"13":{"start":{"line":32,"column":10},"end":{"line":32,"column":null}},"14":{"start":{"line":34,"column":10},"end":{"line":34,"column":null}},"15":{"start":{"line":37,"column":8},"end":{"line":41,"column":9}},"16":{"start":{"line":38,"column":10},"end":{"line":38,"column":null}},"17":{"start":{"line":40,"column":10},"end":{"line":40,"column":null}},"18":{"start":{"line":43,"column":8},"end":{"line":43,"column":null}},"19":{"start":{"line":13,"column":0},"end":{"line":13,"column":16}},"20":{"start":{"line":50,"column":2},"end":{"line":58,"column":26}},"21":{"start":{"line":49,"column":0},"end":{"line":49,"column":16}},"22":{"start":{"line":63,"column":17},"end":{"line":63,"column":19}},"23":{"start":{"line":64,"column":2},"end":{"line":64,"column":null}},"24":{"start":{"line":64,"column":43},"end":{"line":64,"column":46}},"25":{"start":{"line":65,"column":2},"end":{"line":65,"column":null}},"26":{"start":{"line":65,"column":27},"end":{"line":65,"column":31}},"27":{"start":{"line":66,"column":2},"end":{"line":66,"column":25}},"28":{"start":{"line":62,"column":0},"end":{"line":62,"column":16}}},"fnMap":{"0":{"name":"parseForm","decl":{"start":{"line":13,"column":16},"end":{"line":13,"column":25}},"loc":{"start":{"line":13,"column":38},"end":{"line":47,"column":1}}},"1":{"name":"(anonymous_9)","decl":{"start":{"line":14,"column":118},"end":{"line":14,"column":119}},"loc":{"start":{"line":14,"column":138},"end":{"line":46,"column":3}}},"2":{"name":"(anonymous_10)","decl":{"start":{"line":15,"column":20},"end":{"line":15,"column":27}},"loc":{"start":{"line":15,"column":49},"end":{"line":45,"column":6}}},"3":{"name":"(anonymous_11)","decl":{"start":{"line":15,"column":49},"end":{"line":15,"column":null}},"loc":{"start":{"line":15,"column":49},"end":{"line":45,"column":5}}},"4":{"name":"createRequest","decl":{"start":{"line":49,"column":16},"end":{"line":49,"column":29}},"loc":{"start":{"line":49,"column":29},"end":{"line":59,"column":1}}},"5":{"name":"createResponse","decl":{"start":{"line":62,"column":16},"end":{"line":62,"column":30}},"loc":{"start":{"line":62,"column":30},"end":{"line":67,"column":1}}},"6":{"name":"(anonymous_14)","decl":{"start":{"line":64,"column":23},"end":{"line":64,"column":24}},"loc":{"start":{"line":64,"column":43},"end":{"line":64,"column":46}}},"7":{"name":"(anonymous_15)","decl":{"start":{"line":65,"column":21},"end":{"line":65,"column":24}},"loc":{"start":{"line":65,"column":27},"end":{"line":65,"column":31}}}},"branchMap":{"0":{"loc":{"start":{"line":16,"column":6},"end":{"line":44,"column":7}},"type":"if","locations":[{"start":{"line":16,"column":6},"end":{"line":44,"column":7}},{"start":{"line":18,"column":13},"end":{"line":44,"column":7}}]},"1":{"loc":{"start":{"line":24,"column":8},"end":{"line":28,"column":9}},"type":"if","locations":[{"start":{"line":24,"column":8},"end":{"line":28,"column":9}},{"start":{"line":26,"column":15},"end":{"line":28,"column":9}}]},"2":{"loc":{"start":{"line":30,"column":8},"end":{"line":35,"column":9}},"type":"if","locations":[{"start":{"line":30,"column":8},"end":{"line":35,"column":9}},{"start":{"line":33,"column":15},"end":{"line":35,"column":9}}]},"3":{"loc":{"start":{"line":37,"column":8},"end":{"line":41,"column":9}},"type":"if","locations":[{"start":{"line":37,"column":8},"end":{"line":41,"column":9}},{"start":{"line":39,"column":15},"end":{"line":41,"column":9}}]}},"s":{"0":1,"1":1,"2":1,"3":0,"4":0,"5":0,"6":0,"7":0,"8":0,"9":0,"10":0,"11":0,"12":0,"13":0,"14":0,"15":0,"16":0,"17":0,"18":0,"19":1,"20":4,"21":1,"22":4,"23":4,"24":4,"25":4,"26":4,"27":4,"28":1},"f":{"0":0,"1":0,"2":0,"3":0,"4":4,"5":4,"6":4,"7":4},"b":{"0":[0,0],"1":[0,0],"2":[0,0],"3":[0,0]}}
}
