TN:
SF:controllers\MemoController.ts
FN:15,(anonymous_7)
FN:17,(anonymous_8)
FN:17,(anonymous_9)
FN:33,(anonymous_10)
FN:33,(anonymous_11)
FN:54,(anonymous_12)
FN:54,(anonymous_13)
FN:91,(anonymous_14)
FN:91,(anonymous_15)
FN:107,(anonymous_16)
FN:107,(anonymous_17)
FN:142,(anonymous_18)
FN:142,(anonymous_19)
FNF:13
FNH:5
FNDA:4,(anonymous_7)
FNDA:2,(anonymous_8)
FNDA:2,(anonymous_9)
FNDA:2,(anonymous_10)
FNDA:2,(anonymous_11)
FNDA:0,(anonymous_12)
FNDA:0,(anonymous_13)
FNDA:0,(anonymous_14)
FNDA:0,(anonymous_15)
FNDA:0,(anonymous_16)
FNDA:0,(anonymous_17)
FNDA:0,(anonymous_18)
FNDA:0,(anonymous_19)
DA:4,1
DA:5,1
DA:14,1
DA:15,4
DA:17,4
DA:18,2
DA:19,2
DA:21,1
DA:26,1
DA:27,1
DA:33,4
DA:37,2
DA:38,2
DA:40,2
DA:41,2
DA:43,1
DA:47,1
DA:48,1
DA:54,4
DA:56,0
DA:57,0
DA:59,0
DA:61,0
DA:62,0
DA:64,0
DA:65,0
DA:66,0
DA:68,0
DA:71,0
DA:74,0
DA:75,0
DA:79,0
DA:83,0
DA:84,0
DA:91,4
DA:92,0
DA:93,0
DA:94,0
DA:95,0
DA:100,0
DA:101,0
DA:107,4
DA:108,0
DA:109,0
DA:111,0
DA:112,0
DA:113,0
DA:114,0
DA:116,0
DA:123,0
DA:124,0
DA:125,0
DA:127,0
DA:135,0
DA:136,0
DA:142,4
DA:143,0
DA:145,0
DA:146,0
DA:148,0
DA:150,0
DA:152,0
DA:153,0
DA:156,0
DA:158,0
DA:159,0
LF:66
LH:22
BRDA:59,0,0,0
BRDA:64,1,0,0
BRDA:64,1,1,0
BRDA:112,2,0,0
BRDA:112,2,1,0
BRDA:123,3,0,0
BRDA:152,4,0,0
BRF:7
BRH:0
end_of_record
TN:
SF:services\MemoService.ts
FN:5,(anonymous_7)
FN:8,(anonymous_8)
FN:20,(anonymous_10)
FN:33,(anonymous_12)
FN:42,(anonymous_14)
FN:50,(anonymous_16)
FN:57,(anonymous_18)
FN:63,(anonymous_20)
FN:70,(anonymous_22)
FNF:9
FNH:1
FNDA:4,(anonymous_7)
FNDA:0,(anonymous_8)
FNDA:0,(anonymous_10)
FNDA:0,(anonymous_12)
FNDA:0,(anonymous_14)
FNDA:0,(anonymous_16)
FNDA:0,(anonymous_18)
FNDA:0,(anonymous_20)
FNDA:0,(anonymous_22)
DA:4,1
DA:5,4
DA:9,0
DA:21,0
DA:34,0
DA:43,0
DA:51,0
DA:58,0
DA:64,0
DA:71,0
LF:10
LH:2
BRF:0
BRH:0
end_of_record
TN:
SF:utils\util.ts
FN:13,parseForm
FN:14,(anonymous_9)
FN:15,(anonymous_10)
FN:15,(anonymous_11)
FN:49,createRequest
FN:62,createResponse
FN:64,(anonymous_14)
FN:65,(anonymous_15)
FNF:8
FNH:4
FNDA:0,parseForm
FNDA:0,(anonymous_9)
FNDA:0,(anonymous_10)
FNDA:0,(anonymous_11)
FNDA:4,createRequest
FNDA:4,createResponse
FNDA:4,(anonymous_14)
FNDA:4,(anonymous_15)
DA:2,1
DA:3,1
DA:6,1
DA:13,1
DA:14,0
DA:15,0
DA:16,0
DA:17,0
DA:24,0
DA:25,0
DA:27,0
DA:30,0
DA:31,0
DA:32,0
DA:34,0
DA:37,0
DA:38,0
DA:40,0
DA:43,0
DA:49,1
DA:50,4
DA:62,1
DA:63,4
DA:64,4
DA:65,4
DA:66,4
LF:26
LH:11
BRDA:16,0,0,0
BRDA:16,0,1,0
BRDA:24,1,0,0
BRDA:24,1,1,0
BRDA:30,2,0,0
BRDA:30,2,1,0
BRDA:37,3,0,0
BRDA:37,3,1,0
BRF:8
BRH:0
end_of_record
